<?xml version="1.0" encoding="UTF-8"?>
<!-- Generated by org.testng.reporters.JUnitReportReporter -->
<testsuite hostname="Dell-102D22" failures="0" tests="1" name="Test1" time="3.139" errors="0" timestamp="2024-06-05T14:10:17 EET" skipped="0">
  <testcase classname="Test1" name="myFirstTest" time="3.139"/>
  <system-out/>
</testsuite> <!-- Test1 -->
