<?xml version="1.0" encoding="UTF-8"?>
<!-- Generated by org.testng.reporters.JUnitReportReporter -->
<testsuite hostname="Dell-102D22" failures="0" tests="1" name="TestCases" time="5.148" errors="0" timestamp="2024-06-05T01:03:13 EET" skipped="0">
  <testcase classname="TestCases" name="myFirstTest" time="5.148"/>
  <system-out/>
</testsuite> <!-- TestCases -->
