<?xml version="1.0" encoding="UTF-8"?>
<!-- Generated by org.testng.reporters.JUnitReportReporter -->
<testsuite hostname="Dell-102D22" failures="0" tests="2" name="LoginAndCheckoutProcess" time="0.508" errors="0" timestamp="2024-05-31T22:59:16 EET" skipped="0">
  <testcase classname="LoginAndCheckoutProcess" name="Login" time="0.499"/>
  <system-out/>
  <testcase classname="LoginAndCheckoutProcess" name="AddtoChart" time="0.009"/>
  <system-out/>
</testsuite> <!-- LoginAndCheckoutProcess -->
