<?xml version="1.0" encoding="UTF-8"?>
<!-- Generated by org.testng.reporters.JUnitReportReporter -->
<testsuite hostname="Dell-102D22" failures="0" tests="4" name="swaglabTest" time="1.159" errors="0" timestamp="2024-06-05T01:20:33 EET" skipped="0">
  <testcase classname="swaglabTest" name="Login" time="0.598"/>
  <system-out/>
  <testcase classname="swaglabTest" name="VerifythatTheWordProductisthere" time="0.104"/>
  <system-out/>
  <testcase classname="swaglabTest" name="SortingItems" time="0.285"/>
  <system-out/>
  <testcase classname="swaglabTest" name="PriceTest" time="0.172"/>
  <system-out/>
</testsuite> <!-- swaglabTest -->
