<?xml version="1.0" encoding="UTF-8"?>
<!-- Generated by org.testng.reporters.JUnitReportReporter -->
<testsuite hostname="Dell-102D22" failures="0" tests="10" name="JavaBasics" time="5.054" errors="0" timestamp="2024-06-04T16:36:54 EET" skipped="0">
  <testcase classname="JavaBasics" name="VerifythatThetestIsGoogle" time="0.545"/>
  <system-out/>
  <testcase classname="JavaBasics" name="VerifythatThetestIsGoogle" time="0.335"/>
  <system-out/>
  <testcase classname="JavaBasics" name="VerifythatThetestIsGoogle" time="0.330"/>
  <system-out/>
  <testcase classname="JavaBasics" name="VerifythatThetestIsGoogle" time="0.449"/>
  <system-out/>
  <testcase classname="JavaBasics" name="VerifythatThetestIsGoogle" time="0.333"/>
  <system-out/>
  <testcase classname="JavaBasics" name="VerifythatThetestIsGoogle" time="0.570"/>
  <system-out/>
  <testcase classname="JavaBasics" name="VerifythatThetestIsGoogle" time="0.569"/>
  <system-out/>
  <testcase classname="JavaBasics" name="VerifythatThetestIsGoogle" time="0.329"/>
  <system-out/>
  <testcase classname="JavaBasics" name="VerifythatThetestIsGoogle" time="0.354"/>
  <system-out/>
  <testcase classname="JavaBasics" name="VerifythatThetestIsGoogle" time="1.240"/>
  <system-out/>
</testsuite> <!-- JavaBasics -->
